# JRE version: OpenJDK Runtime Environment (Zulu 7.44.0.11-CA-linux64) (7.0_292-b07) (build 1.7.0_292-b07)
# Java VM: OpenJDK 64-Bit Server VM (24.292-b07 mixed mode linux-amd64 compressed oops)
Heap
 PSYoungGen      total 241152K, used 163828K [0x00000000f0000000, 0x0000000100000000, 0x0000000100000000)
  eden space 220160K, 70% used [0x00000000f0000000,0x00000000f9834628,0x00000000fd700000)
  from space 20992K, 37% used [0x00000000fd700000,0x00000000fdec8d48,0x00000000feb80000)
  to   space 19968K, 0% used [0x00000000fec80000,0x00000000fec80000,0x0000000100000000)
 ParOldGen       total 524288K, used 101254K [0x00000000d0000000, 0x00000000f0000000, 0x00000000f0000000)
  object space 524288K, 19% used [0x00000000d0000000,0x00000000d62e1ac8,0x00000000f0000000)
 PSPermGen       total 98304K, used 72962K [0x00000000c0000000, 0x00000000c6000000, 0x00000000d0000000)
  object space 98304K, 74% used [0x00000000c0000000,0x00000000c4740988,0x00000000c6000000)
GC Heap History (10 events):
Event: 19,786 GC heap before
{Heap before GC invocations=19 (full 0):
 PSYoungGen      total 239616K, used 224004K [0x00000000f0000000, 0x0000000100000000, 0x0000000100000000)
  eden space 216064K, 100% used [0x00000000f0000000,0x00000000fd300000,0x00000000fd300000)
  from space 23552K, 33% used [0x00000000fe900000,0x00000000ff0c1058,0x0000000100000000)
  to   space 22528K, 0% used [0x00000000fd300000,0x00000000fd300000,0x00000000fe900000)
 ParOldGen       total 524288K, used 74335K [0x00000000d0000000, 0x00000000f0000000, 0x00000000f0000000)
  object space 524288K, 14% used [0x00000000d0000000,0x00000000d4897cf8,0x00000000f0000000)
 PSPermGen       total 98304K, used 65643K [0x00000000c0000000, 0x00000000c6000000, 0x00000000d0000000)
  object space 98304K, 66% used [0x00000000c0000000,0x00000000c401ad50,0x00000000c6000000)
Event: 19,800 GC heap after
Heap after GC invocations=19 (full 0):
 PSYoungGen      total 238592K, used 11671K [0x00000000f0000000, 0x0000000100000000, 0x0000000100000000)
  eden space 216064K, 0% used [0x00000000f0000000,0x00000000f0000000,0x00000000fd300000)
  from space 22528K, 51% used [0x00000000fd300000,0x00000000fde65fc8,0x00000000fe900000)
  to   space 22016K, 0% used [0x00000000fea80000,0x00000000fea80000,0x0000000100000000)
 ParOldGen       total 524288K, used 79169K [0x00000000d0000000, 0x00000000f0000000, 0x00000000f0000000)
  object space 524288K, 15% used [0x00000000d0000000,0x00000000d4d50750,0x00000000f0000000)
 PSPermGen       total 98304K, used 65643K [0x00000000c0000000, 0x00000000c6000000, 0x00000000d0000000)
  object space 98304K, 66% used [0x00000000c0000000,0x00000000c401ad50,0x00000000c6000000)
}
Event: 36,904 GC heap before
{Heap before GC invocations=20 (full 0):
 PSYoungGen      total 238592K, used 227735K [0x00000000f0000000, 0x0000000100000000, 0x0000000100000000)
  eden space 216064K, 100% used [0x00000000f0000000,0x00000000fd300000,0x00000000fd300000)
  from space 22528K, 51% used [0x00000000fd300000,0x00000000fde65fc8,0x00000000fe900000)
  to   space 22016K, 0% used [0x00000000fea80000,0x00000000fea80000,0x0000000100000000)
 ParOldGen       total 524288K, used 79169K [0x00000000d0000000, 0x00000000f0000000, 0x00000000f0000000)
  object space 524288K, 15% used [0x00000000d0000000,0x00000000d4d50750,0x00000000f0000000)
 PSPermGen       total 98304K, used 67392K [0x00000000c0000000, 0x00000000c6000000, 0x00000000d0000000)
  object space 98304K, 68% used [0x00000000c0000000,0x00000000c41d0250,0x00000000c6000000)
Event: 36,915 GC heap after
Heap after GC invocations=20 (full 0):
 PSYoungGen      total 240640K, used 7600K [0x00000000f0000000, 0x0000000100000000, 0x0000000100000000)
  eden space 218624K, 0% used [0x00000000f0000000,0x00000000f0000000,0x00000000fd580000)
  from space 22016K, 34% used [0x00000000fea80000,0x00000000ff1ec108,0x0000000100000000)
  to   space 21504K, 0% used [0x00000000fd580000,0x00000000fd580000,0x00000000fea80000)
 ParOldGen       total 524288K, used 87054K [0x00000000d0000000, 0x00000000f0000000, 0x00000000f0000000)
  object space 524288K, 16% used [0x00000000d0000000,0x00000000d5503878,0x00000000f0000000)
 PSPermGen       total 98304K, used 67392K [0x00000000c0000000, 0x00000000c6000000, 0x00000000d0000000)
  object space 98304K, 68% used [0x00000000c0000000,0x00000000c41d0250,0x00000000c6000000)
}
Event: 41,179 GC heap before
{Heap before GC invocations=21 (full 0):
 PSYoungGen      total 240640K, used 226224K [0x00000000f0000000, 0x0000000100000000, 0x0000000100000000)
  eden space 218624K, 100% used [0x00000000f0000000,0x00000000fd580000,0x00000000fd580000)
  from space 22016K, 34% used [0x00000000fea80000,0x00000000ff1ec108,0x0000000100000000)
  to   space 21504K, 0% used [0x00000000fd580000,0x00000000fd580000,0x00000000fea80000)
 ParOldGen       total 524288K, used 87054K [0x00000000d0000000, 0x00000000f0000000, 0x00000000f0000000)
  object space 524288K, 16% used [0x00000000d0000000,0x00000000d5503878,0x00000000f0000000)
 PSPermGen       total 98304K, used 69300K [0x00000000c0000000, 0x00000000c6000000, 0x00000000d0000000)
  object space 98304K, 70% used [0x00000000c0000000,0x00000000c43ad0a0,0x00000000c6000000)
Event: 41,194 GC heap after
Heap after GC invocations=21 (full 0):
 PSYoungGen      total 240128K, used 6336K [0x00000000f0000000, 0x0000000100000000, 0x0000000100000000)
  eden space 218624K, 0% used [0x00000000f0000000,0x00000000f0000000,0x00000000fd580000)
  from space 21504K, 29% used [0x00000000fd580000,0x00000000fdbb0000,0x00000000fea80000)
  to   space 20992K, 0% used [0x00000000feb80000,0x00000000feb80000,0x0000000100000000)
 ParOldGen       total 524288K, used 93442K [0x00000000d0000000, 0x00000000f0000000, 0x00000000f0000000)
  object space 524288K, 17% used [0x00000000d0000000,0x00000000d5b40a58,0x00000000f0000000)
 PSPermGen       total 98304K, used 69300K [0x00000000c0000000, 0x00000000c6000000, 0x00000000d0000000)
  object space 98304K, 70% used [0x00000000c0000000,0x00000000c43ad0a0,0x00000000c6000000)
}
Event: 69,480 GC heap before
{Heap before GC invocations=22 (full 0):
 PSYoungGen      total 240128K, used 224960K [0x00000000f0000000, 0x0000000100000000, 0x0000000100000000)
  eden space 218624K, 100% used [0x00000000f0000000,0x00000000fd580000,0x00000000fd580000)
  from space 21504K, 29% used [0x00000000fd580000,0x00000000fdbb0000,0x00000000fea80000)
  to   space 20992K, 0% used [0x00000000feb80000,0x00000000feb80000,0x0000000100000000)
 ParOldGen       total 524288K, used 93442K [0x00000000d0000000, 0x00000000f0000000, 0x00000000f0000000)
  object space 524288K, 17% used [0x00000000d0000000,0x00000000d5b40a58,0x00000000f0000000)
 PSPermGen       total 98304K, used 70291K [0x00000000c0000000, 0x00000000c6000000, 0x00000000d0000000)
  object space 98304K, 71% used [0x00000000c0000000,0x00000000c44a4d20,0x00000000c6000000)
Event: 69,491 GC heap after
Heap after GC invocations=22 (full 0):
 PSYoungGen      total 241152K, used 3946K [0x00000000f0000000, 0x0000000100000000, 0x0000000100000000)
  eden space 220160K, 0% used [0x00000000f0000000,0x00000000f0000000,0x00000000fd700000)
  from space 20992K, 18% used [0x00000000feb80000,0x00000000fef5a990,0x0000000100000000)
  to   space 20992K, 0% used [0x00000000fd700000,0x00000000fd700000,0x00000000feb80000)
 ParOldGen       total 524288K, used 98605K [0x00000000d0000000, 0x00000000f0000000, 0x00000000f0000000)
  object space 524288K, 18% used [0x00000000d0000000,0x00000000d604b460,0x00000000f0000000)
 PSPermGen       total 98304K, used 70291K [0x00000000c0000000, 0x00000000c6000000, 0x00000000d0000000)
  object space 98304K, 71% used [0x00000000c0000000,0x00000000c44a4d20,0x00000000c6000000)
}
Event: 102,158 GC heap before
{Heap before GC invocations=23 (full 0):
 PSYoungGen      total 241152K, used 224106K [0x00000000f0000000, 0x0000000100000000, 0x0000000100000000)
  eden space 220160K, 100% used [0x00000000f0000000,0x00000000fd700000,0x00000000fd700000)
  from space 20992K, 18% used [0x00000000feb80000,0x00000000fef5a990,0x0000000100000000)
  to   space 20992K, 0% used [0x00000000fd700000,0x00000000fd700000,0x00000000feb80000)
 ParOldGen       total 524288K, used 98605K [0x00000000d0000000, 0x00000000f0000000, 0x00000000f0000000)
  object space 524288K, 18% used [0x00000000d0000000,0x00000000d604b460,0x00000000f0000000)
 PSPermGen       total 98304K, used 71457K [0x00000000c0000000, 0x00000000c6000000, 0x00000000d0000000)
  object space 98304K, 72% used [0x00000000c0000000,0x00000000c45c87c0,0x00000000c6000000)
Event: 102,176 GC heap after
Heap after GC invocations=23 (full 0):
 PSYoungGen      total 241152K, used 7971K [0x00000000f0000000, 0x0000000100000000, 0x0000000100000000)
  eden space 220160K, 0% used [0x00000000f0000000,0x00000000f0000000,0x00000000fd700000)
  from space 20992K, 37% used [0x00000000fd700000,0x00000000fdec8d48,0x00000000feb80000)
  to   space 19968K, 0% used [0x00000000fec80000,0x00000000fec80000,0x0000000100000000)
 ParOldGen       total 524288K, used 101254K [0x00000000d0000000, 0x00000000f0000000, 0x00000000f0000000)
  object space 524288K, 19% used [0x00000000d0000000,0x00000000d62e1ac8,0x00000000f0000000)
 PSPermGen       total 98304K, used 71457K [0x00000000c0000000, 0x00000000c6000000, 0x00000000d0000000)
  object space 98304K, 72% used [0x00000000c0000000,0x00000000c45c87c0,0x00000000c6000000)
}

